2021-09-15T11:06:19: internal/modules/cjs/loader.js:905
2021-09-15T11:06:19:   throw err;
2021-09-15T11:06:19:   ^
2021-09-15T11:06:19: 
2021-09-15T11:06:19: Error: Cannot find module 'esm'
2021-09-15T11:06:19: Require stack:
2021-09-15T11:06:19: - internal/preload
2021-09-15T11:06:19:     at Function.Module._resolveFilename (internal/modules/cjs/loader.js:902:15)
2021-09-15T11:06:19:     at Function.Module._load (internal/modules/cjs/loader.js:746:27)
2021-09-15T11:06:19:     at Module.require (internal/modules/cjs/loader.js:974:19)
2021-09-15T11:06:19:     at Module._preloadModules (internal/modules/cjs/loader.js:1244:12)
2021-09-15T11:06:19:     at loadPreloadModules (internal/bootstrap/pre_execution.js:467:5)
2021-09-15T11:06:19:     at prepareMainThreadExecution (internal/bootstrap/pre_execution.js:70:3)
2021-09-15T11:06:19:     at internal/main/run_main_module.js:7:1 {
2021-09-15T11:06:19:   code: 'MODULE_NOT_FOUND',
2021-09-15T11:06:19:   requireStack: [ 'internal/preload' ]
2021-09-15T11:06:19: }
2021-09-15T11:06:19: internal/modules/cjs/loader.js:905
2021-09-15T11:06:19:   throw err;
2021-09-15T11:06:19:   ^
2021-09-15T11:06:19: 
2021-09-15T11:06:19: Error: Cannot find module 'esm'
2021-09-15T11:06:19: Require stack:
2021-09-15T11:06:19: - internal/preload
2021-09-15T11:06:19:     at Function.Module._resolveFilename (internal/modules/cjs/loader.js:902:15)
2021-09-15T11:06:19:     at Function.Module._load (internal/modules/cjs/loader.js:746:27)
2021-09-15T11:06:19:     at Module.require (internal/modules/cjs/loader.js:974:19)
2021-09-15T11:06:19:     at Module._preloadModules (internal/modules/cjs/loader.js:1244:12)
2021-09-15T11:06:19:     at loadPreloadModules (internal/bootstrap/pre_execution.js:467:5)
2021-09-15T11:06:19:     at prepareMainThreadExecution (internal/bootstrap/pre_execution.js:70:3)
2021-09-15T11:06:19:     at internal/main/run_main_module.js:7:1 {
2021-09-15T11:06:19:   code: 'MODULE_NOT_FOUND',
2021-09-15T11:06:19:   requireStack: [ 'internal/preload' ]
2021-09-15T11:06:19: }
2021-09-15T11:06:19: internal/modules/cjs/loader.js:905
2021-09-15T11:06:19:   throw err;
2021-09-15T11:06:19:   ^
2021-09-15T11:06:19: 
2021-09-15T11:06:19: Error: Cannot find module 'esm'
2021-09-15T11:06:19: Require stack:
2021-09-15T11:06:19: - internal/preload
2021-09-15T11:06:19:     at Function.Module._resolveFilename (internal/modules/cjs/loader.js:902:15)
2021-09-15T11:06:19:     at Function.Module._load (internal/modules/cjs/loader.js:746:27)
2021-09-15T11:06:19:     at Module.require (internal/modules/cjs/loader.js:974:19)
2021-09-15T11:06:19:     at Module._preloadModules (internal/modules/cjs/loader.js:1244:12)
2021-09-15T11:06:19:     at loadPreloadModules (internal/bootstrap/pre_execution.js:467:5)
2021-09-15T11:06:19:     at prepareMainThreadExecution (internal/bootstrap/pre_execution.js:70:3)
2021-09-15T11:06:19:     at internal/main/run_main_module.js:7:1 {
2021-09-15T11:06:19:   code: 'MODULE_NOT_FOUND',
2021-09-15T11:06:19:   requireStack: [ 'internal/preload' ]
2021-09-15T11:06:19: }
2021-09-15T11:06:19: internal/modules/cjs/loader.js:905
2021-09-15T11:06:19:   throw err;
2021-09-15T11:06:19:   ^
2021-09-15T11:06:19: 
2021-09-15T11:06:19: Error: Cannot find module 'esm'
2021-09-15T11:06:19: Require stack:
2021-09-15T11:06:19: - internal/preload
2021-09-15T11:06:19:     at Function.Module._resolveFilename (internal/modules/cjs/loader.js:902:15)
2021-09-15T11:06:19:     at Function.Module._load (internal/modules/cjs/loader.js:746:27)
2021-09-15T11:06:19:     at Module.require (internal/modules/cjs/loader.js:974:19)
2021-09-15T11:06:19:     at Module._preloadModules (internal/modules/cjs/loader.js:1244:12)
2021-09-15T11:06:19:     at loadPreloadModules (internal/bootstrap/pre_execution.js:467:5)
2021-09-15T11:06:19:     at prepareMainThreadExecution (internal/bootstrap/pre_execution.js:70:3)
2021-09-15T11:06:19:     at internal/main/run_main_module.js:7:1 {
2021-09-15T11:06:19:   code: 'MODULE_NOT_FOUND',
2021-09-15T11:06:19:   requireStack: [ 'internal/preload' ]
2021-09-15T11:06:19: }
2021-09-15T11:06:19: internal/modules/cjs/loader.js:905
2021-09-15T11:06:19:   throw err;
2021-09-15T11:06:19:   ^
2021-09-15T11:06:19: 
2021-09-15T11:06:19: Error: Cannot find module 'esm'
2021-09-15T11:06:19: Require stack:
2021-09-15T11:06:19: - internal/preload
2021-09-15T11:06:19:     at Function.Module._resolveFilename (internal/modules/cjs/loader.js:902:15)
2021-09-15T11:06:19:     at Function.Module._load (internal/modules/cjs/loader.js:746:27)
2021-09-15T11:06:19:     at Module.require (internal/modules/cjs/loader.js:974:19)
2021-09-15T11:06:19:     at Module._preloadModules (internal/modules/cjs/loader.js:1244:12)
2021-09-15T11:06:19:     at loadPreloadModules (internal/bootstrap/pre_execution.js:467:5)
2021-09-15T11:06:19:     at prepareMainThreadExecution (internal/bootstrap/pre_execution.js:70:3)
2021-09-15T11:06:19:     at internal/main/run_main_module.js:7:1 {
2021-09-15T11:06:19:   code: 'MODULE_NOT_FOUND',
2021-09-15T11:06:19:   requireStack: [ 'internal/preload' ]
2021-09-15T11:06:19: }
2021-09-15T11:06:19: internal/modules/cjs/loader.js:905
2021-09-15T11:06:19:   throw err;
2021-09-15T11:06:19:   ^
2021-09-15T11:06:19: 
2021-09-15T11:06:19: Error: Cannot find module 'esm'
2021-09-15T11:06:19: Require stack:
2021-09-15T11:06:19: - internal/preload
2021-09-15T11:06:19:     at Function.Module._resolveFilename (internal/modules/cjs/loader.js:902:15)
2021-09-15T11:06:19:     at Function.Module._load (internal/modules/cjs/loader.js:746:27)
2021-09-15T11:06:19:     at Module.require (internal/modules/cjs/loader.js:974:19)
2021-09-15T11:06:19:     at Module._preloadModules (internal/modules/cjs/loader.js:1244:12)
2021-09-15T11:06:19:     at loadPreloadModules (internal/bootstrap/pre_execution.js:467:5)
2021-09-15T11:06:19:     at prepareMainThreadExecution (internal/bootstrap/pre_execution.js:70:3)
2021-09-15T11:06:19:     at internal/main/run_main_module.js:7:1 {
2021-09-15T11:06:19:   code: 'MODULE_NOT_FOUND',
2021-09-15T11:06:19:   requireStack: [ 'internal/preload' ]
2021-09-15T11:06:19: }
2021-09-15T11:06:19: internal/modules/cjs/loader.js:905
2021-09-15T11:06:19:   throw err;
2021-09-15T11:06:19:   ^
2021-09-15T11:06:19: 
2021-09-15T11:06:19: Error: Cannot find module 'esm'
2021-09-15T11:06:19: Require stack:
2021-09-15T11:06:19: - internal/preload
2021-09-15T11:06:19:     at Function.Module._resolveFilename (internal/modules/cjs/loader.js:902:15)
2021-09-15T11:06:19:     at Function.Module._load (internal/modules/cjs/loader.js:746:27)
2021-09-15T11:06:19:     at Module.require (internal/modules/cjs/loader.js:974:19)
2021-09-15T11:06:19:     at Module._preloadModules (internal/modules/cjs/loader.js:1244:12)
2021-09-15T11:06:19:     at loadPreloadModules (internal/bootstrap/pre_execution.js:467:5)
2021-09-15T11:06:19:     at prepareMainThreadExecution (internal/bootstrap/pre_execution.js:70:3)
2021-09-15T11:06:19:     at internal/main/run_main_module.js:7:1 {
2021-09-15T11:06:19:   code: 'MODULE_NOT_FOUND',
2021-09-15T11:06:19:   requireStack: [ 'internal/preload' ]
2021-09-15T11:06:19: }
2021-09-15T11:06:20: internal/modules/cjs/loader.js:905
2021-09-15T11:06:20:   throw err;
2021-09-15T11:06:20:   ^
2021-09-15T11:06:20: 
2021-09-15T11:06:20: Error: Cannot find module 'esm'
2021-09-15T11:06:20: Require stack:
2021-09-15T11:06:20: - internal/preload
2021-09-15T11:06:20:     at Function.Module._resolveFilename (internal/modules/cjs/loader.js:902:15)
2021-09-15T11:06:20:     at Function.Module._load (internal/modules/cjs/loader.js:746:27)
2021-09-15T11:06:20:     at Module.require (internal/modules/cjs/loader.js:974:19)
2021-09-15T11:06:20:     at Module._preloadModules (internal/modules/cjs/loader.js:1244:12)
2021-09-15T11:06:20:     at loadPreloadModules (internal/bootstrap/pre_execution.js:467:5)
2021-09-15T11:06:20:     at prepareMainThreadExecution (internal/bootstrap/pre_execution.js:70:3)
2021-09-15T11:06:20:     at internal/main/run_main_module.js:7:1 {
2021-09-15T11:06:20:   code: 'MODULE_NOT_FOUND',
2021-09-15T11:06:20:   requireStack: [ 'internal/preload' ]
2021-09-15T11:06:20: }
2021-09-15T11:06:20: internal/modules/cjs/loader.js:905
2021-09-15T11:06:20:   throw err;
2021-09-15T11:06:20:   ^
2021-09-15T11:06:20: 
2021-09-15T11:06:20: Error: Cannot find module 'esm'
2021-09-15T11:06:20: Require stack:
2021-09-15T11:06:20: - internal/preload
2021-09-15T11:06:20:     at Function.Module._resolveFilename (internal/modules/cjs/loader.js:902:15)
2021-09-15T11:06:20:     at Function.Module._load (internal/modules/cjs/loader.js:746:27)
2021-09-15T11:06:20:     at Module.require (internal/modules/cjs/loader.js:974:19)
2021-09-15T11:06:20:     at Module._preloadModules (internal/modules/cjs/loader.js:1244:12)
2021-09-15T11:06:20:     at loadPreloadModules (internal/bootstrap/pre_execution.js:467:5)
2021-09-15T11:06:20:     at prepareMainThreadExecution (internal/bootstrap/pre_execution.js:70:3)
2021-09-15T11:06:20:     at internal/main/run_main_module.js:7:1 {
2021-09-15T11:06:20:   code: 'MODULE_NOT_FOUND',
2021-09-15T11:06:20:   requireStack: [ 'internal/preload' ]
2021-09-15T11:06:20: }
2021-09-15T11:06:20: internal/modules/cjs/loader.js:905
2021-09-15T11:06:20:   throw err;
2021-09-15T11:06:20:   ^
2021-09-15T11:06:20: 
2021-09-15T11:06:20: Error: Cannot find module 'esm'
2021-09-15T11:06:20: Require stack:
2021-09-15T11:06:20: - internal/preload
2021-09-15T11:06:20:     at Function.Module._resolveFilename (internal/modules/cjs/loader.js:902:15)
2021-09-15T11:06:20:     at Function.Module._load (internal/modules/cjs/loader.js:746:27)
2021-09-15T11:06:20:     at Module.require (internal/modules/cjs/loader.js:974:19)
2021-09-15T11:06:20:     at Module._preloadModules (internal/modules/cjs/loader.js:1244:12)
2021-09-15T11:06:20:     at loadPreloadModules (internal/bootstrap/pre_execution.js:467:5)
2021-09-15T11:06:20:     at prepareMainThreadExecution (internal/bootstrap/pre_execution.js:70:3)
2021-09-15T11:06:20:     at internal/main/run_main_module.js:7:1 {
2021-09-15T11:06:20:   code: 'MODULE_NOT_FOUND',
2021-09-15T11:06:20:   requireStack: [ 'internal/preload' ]
2021-09-15T11:06:20: }
2021-09-15T11:06:20: internal/modules/cjs/loader.js:905
2021-09-15T11:06:20:   throw err;
2021-09-15T11:06:20:   ^
2021-09-15T11:06:20: 
2021-09-15T11:06:20: Error: Cannot find module 'esm'
2021-09-15T11:06:20: Require stack:
2021-09-15T11:06:20: - internal/preload
2021-09-15T11:06:20:     at Function.Module._resolveFilename (internal/modules/cjs/loader.js:902:15)
2021-09-15T11:06:20:     at Function.Module._load (internal/modules/cjs/loader.js:746:27)
2021-09-15T11:06:20:     at Module.require (internal/modules/cjs/loader.js:974:19)
2021-09-15T11:06:20:     at Module._preloadModules (internal/modules/cjs/loader.js:1244:12)
2021-09-15T11:06:20:     at loadPreloadModules (internal/bootstrap/pre_execution.js:467:5)
2021-09-15T11:06:20:     at prepareMainThreadExecution (internal/bootstrap/pre_execution.js:70:3)
2021-09-15T11:06:20:     at internal/main/run_main_module.js:7:1 {
2021-09-15T11:06:20:   code: 'MODULE_NOT_FOUND',
2021-09-15T11:06:20:   requireStack: [ 'internal/preload' ]
2021-09-15T11:06:20: }
2021-09-15T11:06:20: internal/modules/cjs/loader.js:905
2021-09-15T11:06:20:   throw err;
2021-09-15T11:06:20:   ^
2021-09-15T11:06:20: 
2021-09-15T11:06:20: Error: Cannot find module 'esm'
2021-09-15T11:06:20: Require stack:
2021-09-15T11:06:20: - internal/preload
2021-09-15T11:06:20:     at Function.Module._resolveFilename (internal/modules/cjs/loader.js:902:15)
2021-09-15T11:06:20:     at Function.Module._load (internal/modules/cjs/loader.js:746:27)
2021-09-15T11:06:20:     at Module.require (internal/modules/cjs/loader.js:974:19)
2021-09-15T11:06:20:     at Module._preloadModules (internal/modules/cjs/loader.js:1244:12)
2021-09-15T11:06:20:     at loadPreloadModules (internal/bootstrap/pre_execution.js:467:5)
2021-09-15T11:06:20:     at prepareMainThreadExecution (internal/bootstrap/pre_execution.js:70:3)
2021-09-15T11:06:20:     at internal/main/run_main_module.js:7:1 {
2021-09-15T11:06:20:   code: 'MODULE_NOT_FOUND',
2021-09-15T11:06:20:   requireStack: [ 'internal/preload' ]
2021-09-15T11:06:20: }
2021-09-15T11:06:20: internal/modules/cjs/loader.js:905
2021-09-15T11:06:20:   throw err;
2021-09-15T11:06:20:   ^
2021-09-15T11:06:20: 
2021-09-15T11:06:20: Error: Cannot find module 'esm'
2021-09-15T11:06:20: Require stack:
2021-09-15T11:06:20: - internal/preload
2021-09-15T11:06:20:     at Function.Module._resolveFilename (internal/modules/cjs/loader.js:902:15)
2021-09-15T11:06:20:     at Function.Module._load (internal/modules/cjs/loader.js:746:27)
2021-09-15T11:06:20:     at Module.require (internal/modules/cjs/loader.js:974:19)
2021-09-15T11:06:20:     at Module._preloadModules (internal/modules/cjs/loader.js:1244:12)
2021-09-15T11:06:20:     at loadPreloadModules (internal/bootstrap/pre_execution.js:467:5)
2021-09-15T11:06:20:     at prepareMainThreadExecution (internal/bootstrap/pre_execution.js:70:3)
2021-09-15T11:06:20:     at internal/main/run_main_module.js:7:1 {
2021-09-15T11:06:20:   code: 'MODULE_NOT_FOUND',
2021-09-15T11:06:20:   requireStack: [ 'internal/preload' ]
2021-09-15T11:06:20: }
2021-09-15T11:06:20: internal/modules/cjs/loader.js:905
2021-09-15T11:06:20:   throw err;
2021-09-15T11:06:20:   ^
2021-09-15T11:06:20: 
2021-09-15T11:06:20: Error: Cannot find module 'esm'
2021-09-15T11:06:20: Require stack:
2021-09-15T11:06:20: - internal/preload
2021-09-15T11:06:20:     at Function.Module._resolveFilename (internal/modules/cjs/loader.js:902:15)
2021-09-15T11:06:20:     at Function.Module._load (internal/modules/cjs/loader.js:746:27)
2021-09-15T11:06:20:     at Module.require (internal/modules/cjs/loader.js:974:19)
2021-09-15T11:06:20:     at Module._preloadModules (internal/modules/cjs/loader.js:1244:12)
2021-09-15T11:06:20:     at loadPreloadModules (internal/bootstrap/pre_execution.js:467:5)
2021-09-15T11:06:20:     at prepareMainThreadExecution (internal/bootstrap/pre_execution.js:70:3)
2021-09-15T11:06:20:     at internal/main/run_main_module.js:7:1 {
2021-09-15T11:06:20:   code: 'MODULE_NOT_FOUND',
2021-09-15T11:06:20:   requireStack: [ 'internal/preload' ]
2021-09-15T11:06:20: }
2021-09-15T11:06:20: internal/modules/cjs/loader.js:905
2021-09-15T11:06:20:   throw err;
2021-09-15T11:06:20:   ^
2021-09-15T11:06:20: 
2021-09-15T11:06:20: Error: Cannot find module 'esm'
2021-09-15T11:06:20: Require stack:
2021-09-15T11:06:20: - internal/preload
2021-09-15T11:06:20:     at Function.Module._resolveFilename (internal/modules/cjs/loader.js:902:15)
2021-09-15T11:06:20:     at Function.Module._load (internal/modules/cjs/loader.js:746:27)
2021-09-15T11:06:20:     at Module.require (internal/modules/cjs/loader.js:974:19)
2021-09-15T11:06:20:     at Module._preloadModules (internal/modules/cjs/loader.js:1244:12)
2021-09-15T11:06:20:     at loadPreloadModules (internal/bootstrap/pre_execution.js:467:5)
2021-09-15T11:06:20:     at prepareMainThreadExecution (internal/bootstrap/pre_execution.js:70:3)
2021-09-15T11:06:20:     at internal/main/run_main_module.js:7:1 {
2021-09-15T11:06:20:   code: 'MODULE_NOT_FOUND',
2021-09-15T11:06:20:   requireStack: [ 'internal/preload' ]
2021-09-15T11:06:20: }
2021-09-15T11:06:20: internal/modules/cjs/loader.js:905
2021-09-15T11:06:20:   throw err;
2021-09-15T11:06:20:   ^
2021-09-15T11:06:20: 
2021-09-15T11:06:20: Error: Cannot find module 'esm'
2021-09-15T11:06:20: Require stack:
2021-09-15T11:06:20: - internal/preload
2021-09-15T11:06:20:     at Function.Module._resolveFilename (internal/modules/cjs/loader.js:902:15)
2021-09-15T11:06:20:     at Function.Module._load (internal/modules/cjs/loader.js:746:27)
2021-09-15T11:06:20:     at Module.require (internal/modules/cjs/loader.js:974:19)
2021-09-15T11:06:20:     at Module._preloadModules (internal/modules/cjs/loader.js:1244:12)
2021-09-15T11:06:20:     at loadPreloadModules (internal/bootstrap/pre_execution.js:467:5)
2021-09-15T11:06:20:     at prepareMainThreadExecution (internal/bootstrap/pre_execution.js:70:3)
2021-09-15T11:06:20:     at internal/main/run_main_module.js:7:1 {
2021-09-15T11:06:20:   code: 'MODULE_NOT_FOUND',
2021-09-15T11:06:20:   requireStack: [ 'internal/preload' ]
2021-09-15T11:06:20: }
